<?xml version="1.0" encoding="UTF-8"?>
<!-- Generated by org.testng.reporters.JUnitReportReporter -->
<testsuite hostname="Nt4u2C.local" name="ReadJsonObject" tests="1" failures="0" timestamp="13 May 2017 23:32:06 GMT" time="0.257" errors="0">
  <testcase name="aptTesting" time="0.257" classname="ReadJsonObject"/>
</testsuite> <!-- ReadJsonObject -->
